<?xml version="1.0" encoding="UTF-8"?>
<!-- Generated by org.testng.reporters.JUnitXMLReporter -->
<testsuite hostname="LT-INDIA09" name="Test" tests="1" failures="1" timestamp="11 Jan 2017 10:21:25 GMT" time="0.039" errors="0">
  <testcase name="run_cukes" time="0.017" classname="stepDefenition.TestRunner">
    <failure type="java.lang.NoSuchMethodError" message="cucumber.runtime.RuntimeOptionsFactory.&amp;lt;init&amp;gt;(Ljava/lang/Class;)V">
      <![CDATA[java.lang.NoSuchMethodError: cucumber.runtime.RuntimeOptionsFactory.<init>(Ljava/lang/Class;)V
	at cucumber.api.testng.TestNGCucumberRunner.<init>(TestNGCucumberRunner.java:29)
	at cucumber.api.testng.AbstractTestNGCucumberTests.run_cukes(AbstractTestNGCucumberTests.java:14)
	at cucumber.api.testng.AbstractTestNGCucumberTests.run(AbstractTestNGCucumberTests.java:19)
... Removed 26 stack frames]]>
    </failure>
  </testcase> <!-- run_cukes -->
</testsuite> <!-- Test -->
