<?xml version="1.0" encoding="UTF-8"?>
<testng-results skipped="0" failed="1" total="1" passed="0">
  <reporter-output>
  </reporter-output>
  <suite name="Suite" duration-ms="39" started-at="2017-01-11T10:21:25Z" finished-at="2017-01-11T10:21:25Z">
    <groups>
      <group name="cucumber">
        <method signature="AbstractTestNGCucumberTests.run_cukes()[pri:0, instance:stepDefenition.TestRunner@3f4d3d]" name="run_cukes" class="cucumber.api.testng.AbstractTestNGCucumberTests"/>
      </group> <!-- cucumber -->
    </groups>
    <test name="Test" duration-ms="39" started-at="2017-01-11T10:21:25Z" finished-at="2017-01-11T10:21:25Z">
      <class name="stepDefenition.TestRunner">
        <test-method status="FAIL" signature="run_cukes()[pri:0, instance:stepDefenition.TestRunner@3f4d3d]" name="run_cukes" duration-ms="17" started-at="2017-01-11T15:51:25Z" description="Runs Cucumber Features" finished-at="2017-01-11T15:51:25Z">
          <exception class="java.lang.NoSuchMethodError">
            <message>
              <![CDATA[cucumber.runtime.RuntimeOptionsFactory.<init>(Ljava/lang/Class;)V]]>
            </message>
            <full-stacktrace>
              <![CDATA[java.lang.NoSuchMethodError: cucumber.runtime.RuntimeOptionsFactory.<init>(Ljava/lang/Class;)V
	at cucumber.api.testng.TestNGCucumberRunner.<init>(TestNGCucumberRunner.java:29)
	at cucumber.api.testng.AbstractTestNGCucumberTests.run_cukes(AbstractTestNGCucumberTests.java:14)
	at sun.reflect.NativeMethodAccessorImpl.invoke0(Native Method)
	at sun.reflect.NativeMethodAccessorImpl.invoke(Unknown Source)
	at sun.reflect.DelegatingMethodAccessorImpl.invoke(Unknown Source)
	at java.lang.reflect.Method.invoke(Unknown Source)
	at org.testng.internal.MethodInvocationHelper.invokeMethod(MethodInvocationHelper.java:85)
	at org.testng.internal.MethodInvocationHelper$1.runTestMethod(MethodInvocationHelper.java:200)
	at cucumber.api.testng.AbstractTestNGCucumberTests.run(AbstractTestNGCucumberTests.java:19)
	at org.testng.internal.MethodInvocationHelper.invokeHookable(MethodInvocationHelper.java:212)
	at org.testng.internal.Invoker.invokeMethod(Invoker.java:689)
	at org.testng.internal.Invoker.invokeTestMethod(Invoker.java:882)
	at org.testng.internal.Invoker.invokeTestMethods(Invoker.java:1189)
	at org.testng.internal.TestMethodWorker.invokeTestMethods(TestMethodWorker.java:124)
	at org.testng.internal.TestMethodWorker.run(TestMethodWorker.java:108)
	at org.testng.TestRunner.privateRun(TestRunner.java:767)
	at org.testng.TestRunner.run(TestRunner.java:617)
	at org.testng.SuiteRunner.runTest(SuiteRunner.java:348)
	at org.testng.SuiteRunner.runSequentially(SuiteRunner.java:343)
	at org.testng.SuiteRunner.privateRun(SuiteRunner.java:305)
	at org.testng.SuiteRunner.run(SuiteRunner.java:254)
	at org.testng.SuiteRunnerWorker.runSuite(SuiteRunnerWorker.java:52)
	at org.testng.SuiteRunnerWorker.run(SuiteRunnerWorker.java:86)
	at org.testng.TestNG.runSuitesSequentially(TestNG.java:1224)
	at org.testng.TestNG.runSuitesLocally(TestNG.java:1149)
	at org.testng.TestNG.run(TestNG.java:1057)
	at org.testng.remote.AbstractRemoteTestNG.run(AbstractRemoteTestNG.java:126)
	at org.testng.remote.RemoteTestNG.initAndRun(RemoteTestNG.java:137)
	at org.testng.remote.RemoteTestNG.main(RemoteTestNG.java:58)
]]>
            </full-stacktrace>
          </exception> <!-- java.lang.NoSuchMethodError -->
          <reporter-output>
          </reporter-output>
        </test-method> <!-- run_cukes -->
      </class> <!-- stepDefenition.TestRunner -->
    </test> <!-- Test -->
  </suite> <!-- Suite -->
</testng-results>
